Oracle feeder running on port 3001 mode=DEMO tick=60s
[TICK] Attempting index 0...
TICK idx=0 date=2026-01-01 price=5.8507 tx=0x35bf93dff9
[TICK] Attempting index 1...
TICK idx=1 date=2026-01-02 price=6.5269 tx=0x88bd1ebe0c
[TICK] Attempting index 2...
Tick error at index 2: request timeout (code=TIMEOUT, version=6.16.0)
[TICK] Attempting index 3...
TICK idx=3 date=2026-01-04 price=6.2784 tx=0xd1d2dddf9e
[TICK] Attempting index 4...
Tick error at index 4: request timeout (code=TIMEOUT, version=6.16.0)
[TICK] Attempting index 5...
TICK idx=5 date=2026-01-06 price=6.0822 tx=0xc77ce17243
[TICK] Attempting index 6...
Tick error at index 6: request timeout (code=TIMEOUT, version=6.16.0)
[TICK] Attempting index 7...
TICK idx=7 date=2026-01-08 price=5.9187 tx=0x372aafe9cf
[TICK] Attempting index 8...
TICK idx=8 date=2026-01-09 price=5.8206 tx=0xc83ae21b5f
[TICK] Attempting index 9...
TICK idx=9 date=2026-01-10 price=5.7225 tx=0x8514c100c2
[TICK] Attempting index 10...
TICK idx=10 date=2026-01-11 price=5.6244 tx=0xce867465d6
[TICK] Attempting index 11...
TICK idx=11 date=2026-01-12 price=5.559 tx=0x74adf820bc
[TICK] Attempting index 12...
TICK idx=12 date=2026-01-13 price=5.4936 tx=0x45d04fd2ee
[TICK] Attempting index 13...
TICK idx=13 date=2026-01-14 price=5.4282 tx=0xe49302c7a9
[TICK] Attempting index 14...
TICK idx=14 date=2026-01-15 price=5.3628 tx=0x114a76b45d
[TICK] Attempting index 15...
TICK idx=15 date=2026-01-16 price=5.2974 tx=0xf68a80e791
[TICK] Attempting index 16...
TICK idx=16 date=2026-01-17 price=5.232 tx=0xa03bd1d5ef
[TICK] Attempting index 17...
TICK idx=17 date=2026-01-18 price=5.1666 tx=0xa8382930e0
[TICK] Attempting index 18...
Tick error at index 18: request timeout (code=TIMEOUT, version=6.16.0)
[TICK] Attempting index 19...
TICK idx=19 date=2026-01-20 price=5.0358 tx=0x35897fb07a
[TICK] Attempting index 20...
TICK idx=20 date=2026-01-21 price=4.9704 tx=0xa3e98627fc
[TICK] Attempting index 21...
TICK idx=21 date=2026-01-22 price=4.905 tx=0xf5a4df6e6f
[TICK] Attempting index 22...
Tick error at index 22: request timeout (code=TIMEOUT, version=6.16.0)
[TICK] Attempting index 23...
TICK idx=23 date=2026-01-24 price=4.8396 tx=0x10cae9b6b2
[TICK] Attempting index 24...
TICK idx=24 date=2026-01-25 price=4.8069 tx=0x783fb3f330
[TICK] Attempting index 25...
TICK idx=25 date=2026-01-26 price=4.8396 tx=0x0d666686b2
[TICK] Attempting index 26...
TICK idx=26 date=2026-01-27 price=4.905 tx=0x33975dc44c
[TICK] Attempting index 27...
TICK idx=27 date=2026-01-28 price=4.9704 tx=0x02cfc23ee6
[TICK] Attempting index 28...
TICK idx=28 date=2026-01-29 price=5.0358 tx=0x461893c831
[TICK] Attempting index 29...
TICK idx=29 date=2026-01-30 price=5.1012 tx=0x6af0f67ec5
[TICK] Attempting index 30...
TICK idx=30 date=2026-01-31 price=5.5152 tx=0x46560e1e86
[TICK] Attempting index 31...
Tick error at index 31: request timeout (code=TIMEOUT, version=6.16.0)
[TICK] Attempting index 32...
TICK idx=32 date=2026-02-02 price=4.8945 tx=0x0f87c6470b
[TICK] Attempting index 33...
TICK idx=33 date=2026-02-03 price=5.0453 tx=0x7cd18154fa
[TICK] Attempting index 34...
TICK idx=34 date=2026-02-04 price=4.9704 tx=0xad5bb5b838
[TICK] Attempting index 35...
TICK idx=35 date=2026-02-05 price=4.7742 tx=0x3207c54e40
[TICK] Attempting index 36...
TICK idx=36 date=2026-02-06 price=4.7088 tx=0xfdb3544f33
[TICK] Attempting index 37...
TICK idx=37 date=2026-02-07 price=4.6434 tx=0xb358933576
[TICK] Attempting index 38...
TICK idx=38 date=2026-02-08 price=4.578 tx=0x6836d9d53e
[TICK] Attempting index 39...
TICK idx=39 date=2026-02-09 price=4.5126 tx=0x9824e582cf
[TICK] Attempting index 40...
Tick error at index 40: request timeout (code=TIMEOUT, version=6.16.0)
[TICK] Attempting index 41...
TICK idx=41 date=2026-02-11 price=4.3818 tx=0x3f6fd312d7
[TICK] Attempting index 42...
TICK idx=42 date=2026-02-12 price=4.3164 tx=0xc04a0fb323
[TICK] Attempting index 43...
TICK idx=43 date=2026-02-13 price=4.1856 tx=0x1470b13ea9
[TICK] Attempting index 44...
TICK idx=44 date=2026-02-14 price=4.0548 tx=0xa7da7d2a78
[TICK] Attempting index 45...
TICK idx=45 date=2026-02-15 price=3.924 tx=0x67e1569b2b
[TICK] Attempting index 46...
TICK idx=46 date=2026-02-16 price=3.8586 tx=0xeddf3b4280
[TICK] Attempting index 47...
Tick error at index 47: request timeout (code=TIMEOUT, version=6.16.0)
[TICK] Attempting index 48...
TICK idx=48 date=2026-02-18 price=3.7278 tx=0x9cd8fa89e8
[TICK] Attempting index 49...
Tick error at index 49: request timeout (code=TIMEOUT, version=6.16.0)
[TICK] Attempting index 50...
TICK idx=50 date=2026-02-20 price=3.7605 tx=0xc84d0c3d39
[TICK] Attempting index 51...
TICK idx=51 date=2026-02-21 price=3.8586 tx=0x1fceda11a5
[TICK] Attempting index 52...
TICK idx=52 date=2026-02-22 price=3.9894 tx=0x9e352d178d
[TICK] Attempting index 53...
TICK idx=53 date=2026-02-23 price=4.1202 tx=0x86ab9a6311
[TICK] Attempting index 54...
TICK idx=54 date=2026-02-24 price=4.251 tx=0x0f043bb569
[TICK] Attempting index 55...
TICK idx=55 date=2026-02-25 price=4.0483 tx=0xaca3f253ea
[TICK] Attempting index 56...
TICK idx=56 date=2026-02-26 price=5.4053 tx=0x3841836fc5
[TICK] Attempting index 57...
TICK idx=57 date=2026-02-27 price=5.281 tx=0xe3fadf3013
[TICK] Attempting index 58...
TICK idx=58 date=2026-02-28 price=5.2255 tx=0x647e9cfd2e
[TICK] Attempting index 59...
TICK idx=59 date=2026-03-01 price=5.4629 tx=0x246f9310b1
[TICK] Attempting index 60...
TICK idx=60 date=2026-03-02 price=5.0263 tx=0x54a06f3455
[TICK] Attempting index 61...
TICK idx=61 date=2026-03-03 price=4.9351 tx=0x9f2a5bbfb4
[TICK] Attempting index 62...
TICK idx=62 date=2026-03-04 price=5.0047 tx=0x908a42226d
[TICK] Attempting index 0...
TICK idx=63 date=2026-01-01 price=5.8507 tx=0x650d6dc0d3
[TICK] Attempting index 1...
TICK idx=64 date=2026-01-02 price=6.5269 tx=0xb5dd6e9d6a
[TICK] Attempting index 2...
TICK idx=65 date=2026-01-03 price=6.4746 tx=0xaef8b87c1b
[TICK] Attempting index 3...
TICK idx=66 date=2026-01-04 price=6.2784 tx=0x04a2c9dc3d
[TICK] Attempting index 4...
TICK idx=67 date=2026-01-05 price=6.1803 tx=0xf47effdb41
[TICK] Attempting index 5...
TICK idx=68 date=2026-01-06 price=6.0822 tx=0xcfa1b79849
[TICK] Attempting index 6...
TICK idx=69 date=2026-01-07 price=6.0168 tx=0x4a09bdc263
[TICK] Attempting index 7...
TICK idx=70 date=2026-01-08 price=5.9187 tx=0xe0cdd7c01c
[TICK] Attempting index 8...
Tick error at index 71: read ETIMEDOUT
[TICK] Attempting index 9...
Tick error at index 72: request timeout (code=TIMEOUT, version=6.16.0)
[TICK] Attempting index 10...
TICK idx=73 date=2026-01-11 price=5.6244 tx=0x39d0d8ccd5
[TICK] Attempting index 11...
TICK idx=74 date=2026-01-12 price=5.559 tx=0x139cfdcd7e
[TICK] Attempting index 12...
TICK idx=75 date=2026-01-13 price=5.4936 tx=0xc28e092d25
[TICK] Attempting index 13...
TICK idx=76 date=2026-01-14 price=5.4282 tx=0x4b6012087d
[TICK] Attempting index 14...
TICK idx=77 date=2026-01-15 price=5.3628 tx=0x29485ad98d
[TICK] Attempting index 15...
TICK idx=78 date=2026-01-16 price=5.2974 tx=0x30c2f482d1
[TICK] Attempting index 16...
TICK idx=79 date=2026-01-17 price=5.232 tx=0x8fb8849f40
[TICK] Attempting index 17...
TICK idx=80 date=2026-01-18 price=5.1666 tx=0xc4e92e2b3a
[TICK] Attempting index 18...
TICK idx=81 date=2026-01-19 price=5.1012 tx=0xabfcb68585
[TICK] Attempting index 19...
TICK idx=82 date=2026-01-20 price=5.0358 tx=0xd79e206d02
[TICK] Attempting index 20...
TICK idx=83 date=2026-01-21 price=4.9704 tx=0xe7ac19cd13
[TICK] Attempting index 21...
TICK idx=84 date=2026-01-22 price=4.905 tx=0xfcacdab84b
[TICK] Attempting index 22...
TICK idx=85 date=2026-01-23 price=4.8723 tx=0xabc0a6bddc
[TICK] Attempting index 23...
TICK idx=86 date=2026-01-24 price=4.8396 tx=0x2cbd0f060e
[TICK] Attempting index 24...
TICK idx=87 date=2026-01-25 price=4.8069 tx=0x5f60dd8a04
[TICK] Attempting index 25...
TICK idx=88 date=2026-01-26 price=4.8396 tx=0x49ccb48e44
[TICK] Attempting index 26...
TICK idx=89 date=2026-01-27 price=4.905 tx=0x0e8c670f5d
[TICK] Attempting index 27...
TICK idx=90 date=2026-01-28 price=4.9704 tx=0x8007bdaf6f
[TICK] Attempting index 28...
TICK idx=91 date=2026-01-29 price=5.0358 tx=0x13088b7cbe
[TICK] Attempting index 29...
TICK idx=92 date=2026-01-30 price=5.1012 tx=0xb2fea5806f
[TICK] Attempting index 30...
TICK idx=93 date=2026-01-31 price=5.5152 tx=0x5392beabb6
[TICK] Attempting index 31...
TICK idx=94 date=2026-02-01 price=5.0489 tx=0x3f5f32ec93
[TICK] Attempting index 32...
TICK idx=95 date=2026-02-02 price=4.8945 tx=0x72cb34d0e5
[TICK] Attempting index 33...
TICK idx=96 date=2026-02-03 price=5.0453 tx=0x2797157df5
[TICK] Attempting index 34...
Tick error at index 97: request timeout (code=TIMEOUT, version=6.16.0)
[TICK] Attempting index 35...
TICK idx=98 date=2026-02-05 price=4.7742 tx=0xe57cf6fc13
[TICK] Attempting index 36...
TICK idx=99 date=2026-02-06 price=4.7088 tx=0x831770260b
[TICK] Attempting index 37...
TICK idx=100 date=2026-02-07 price=4.6434 tx=0x8bb2884415
[TICK] Attempting index 38...
TICK idx=101 date=2026-02-08 price=4.578 tx=0xcb06685f04
[TICK] Attempting index 39...
TICK idx=102 date=2026-02-09 price=4.5126 tx=0x8c8dc68174
[TICK] Attempting index 40...
TICK idx=103 date=2026-02-10 price=4.4472 tx=0x3e8b4d9bf3
[TICK] Attempting index 41...
TICK idx=104 date=2026-02-11 price=4.3818 tx=0x3a1596e340
[TICK] Attempting index 42...
TICK idx=105 date=2026-02-12 price=4.3164 tx=0x0271a8d46c
[TICK] Attempting index 43...
TICK idx=106 date=2026-02-13 price=4.1856 tx=0x7209438f2e
[TICK] Attempting index 44...
TICK idx=107 date=2026-02-14 price=4.0548 tx=0x93fdc4d8be
[TICK] Attempting index 45...
TICK idx=108 date=2026-02-15 price=3.924 tx=0x75449b2d9a
[TICK] Attempting index 46...
TICK idx=109 date=2026-02-16 price=3.8586 tx=0x4f287f32cb
[TICK] Attempting index 47...
TICK idx=110 date=2026-02-17 price=3.7932 tx=0x0c90985f04
[TICK] Attempting index 48...
TICK idx=111 date=2026-02-18 price=3.7278 tx=0x6242bfa66a
[TICK] Attempting index 49...
TICK idx=112 date=2026-02-19 price=3.6951 tx=0xd4ef469b13
[TICK] Attempting index 50...
TICK idx=113 date=2026-02-20 price=3.7605 tx=0xf0a72a9f7b
[TICK] Attempting index 51...
TICK idx=114 date=2026-02-21 price=3.8586 tx=0x45fffd5573
[TICK] Attempting index 52...
TICK idx=115 date=2026-02-22 price=3.9894 tx=0xf70295714b
[TICK] Attempting index 53...
TICK idx=116 date=2026-02-23 price=4.1202 tx=0x36996d94e9
[TICK] Attempting index 54...
TICK idx=117 date=2026-02-24 price=4.251 tx=0x29ce261def
[TICK] Attempting index 55...
TICK idx=118 date=2026-02-25 price=4.0483 tx=0x939be1f22b
[TICK] Attempting index 56...
TICK idx=119 date=2026-02-26 price=5.4053 tx=0xae9cbd104a
[TICK] Attempting index 57...
TICK idx=120 date=2026-02-27 price=5.281 tx=0x646a27d417
[TICK] Attempting index 58...
TICK idx=121 date=2026-02-28 price=5.2255 tx=0x2a22ee855f
[TICK] Attempting index 59...
TICK idx=122 date=2026-03-01 price=5.4629 tx=0x444ecbdaf4
[TICK] Attempting index 60...
TICK idx=123 date=2026-03-02 price=5.0263 tx=0xc326fc2691
[TICK] Attempting index 61...
TICK idx=124 date=2026-03-03 price=4.9351 tx=0x39c0ea6991
[TICK] Attempting index 62...
TICK idx=125 date=2026-03-04 price=5.0047 tx=0x47302192c2
[TICK] Attempting index 0...
TICK idx=126 date=2026-01-01 price=5.8507 tx=0xe06e3bc72f
[TICK] Attempting index 1...
TICK idx=127 date=2026-01-02 price=6.5269 tx=0x797ca1c1fd
[TICK] Attempting index 2...
TICK idx=128 date=2026-01-03 price=6.4746 tx=0x78db55e1d1
[TICK] Attempting index 3...
TICK idx=129 date=2026-01-04 price=6.2784 tx=0x7dc7f9a1f7
[TICK] Attempting index 4...
TICK idx=130 date=2026-01-05 price=6.1803 tx=0xb08062d910
